        -:    0:Source:dominion.c
        -:    0:Graph:dominion.gcno
        -:    0:Data:dominion.gcda
        -:    0:Runs:11
        -:    0:Programs:11
        -:    1:#include "dominion.h"
        -:    2:#include "dominion_helpers.h"
        -:    3:#include "rngs.h"
        -:    4:#include <stdio.h>
        -:    5:#include <math.h>
        -:    6:#include <stdlib.h>
        -:    7:
function compare called 17086 returned 100% blocks executed 83%
    17086:    8:int compare(const void* a, const void* b) {
    17086:    9:  if (*(int*)a > *(int*)b)
branch  0 taken 0% (fallthrough)
branch  1 taken 100%
    #####:   10:    return 1;
    17086:   11:  if (*(int*)a < *(int*)b)
branch  0 taken 26% (fallthrough)
branch  1 taken 74%
     4508:   12:    return -1;
    12578:   13:  return 0;
        -:   14:}
        -:   15:
function newGame called 0 returned 0% blocks executed 0%
    #####:   16:struct gameState* newGame() {
    #####:   17:  struct gameState* g = malloc(sizeof(struct gameState));
    #####:   18:  return g;
        -:   19:}
        -:   20:
function kingdomCards called 0 returned 0% blocks executed 0%
    #####:   21:int* kingdomCards(int k1, int k2, int k3, int k4, int k5, int k6, int k7,
        -:   22:		  int k8, int k9, int k10) {
    #####:   23:  int* k = malloc(10 * sizeof(int));
    #####:   24:  k[0] = k1;
    #####:   25:  k[1] = k2;
    #####:   26:  k[2] = k3;
    #####:   27:  k[3] = k4;
    #####:   28:  k[4] = k5;
    #####:   29:  k[5] = k6;
    #####:   30:  k[6] = k7;
    #####:   31:  k[7] = k8;
    #####:   32:  k[8] = k9;
    #####:   33:  k[9] = k10;
    #####:   34:  return k;
        -:   35:}
        -:   36:
function initializeGame called 506 returned 100% blocks executed 97%
      506:   37:int initializeGame(int numPlayers, int kingdomCards[10], int randomSeed,
        -:   38:		   struct gameState *state) {
        -:   39:
        -:   40:  int i;
        -:   41:  int j;
        -:   42:  int it;			
        -:   43:  //set up random number generator
      506:   44:  SelectStream(1);
call    0 returned 100%
      506:   45:  PutSeed((long)randomSeed);
call    0 returned 100%
        -:   46:  
        -:   47:  //check number of players
      506:   48:  if (numPlayers > MAX_PLAYERS || numPlayers < 2)
branch  0 taken 100% (fallthrough)
branch  1 taken 0%
branch  2 taken 26% (fallthrough)
branch  3 taken 74%
        -:   49:    {
      133:   50:      return -1;
        -:   51:    }
        -:   52:
        -:   53:  //set number of players
      373:   54:  state->numPlayers = numPlayers;
        -:   55:
        -:   56:  //check selected kingdom cards are different
     4103:   57:  for (i = 0; i < 10; i++)
branch  0 taken 91%
branch  1 taken 9% (fallthrough)
        -:   58:    {
    41030:   59:      for (j = 0; j < 10; j++)
branch  0 taken 91%
branch  1 taken 9% (fallthrough)
        -:   60:        {
    37300:   61:	  if (j != i && kingdomCards[j] == kingdomCards[i])
branch  0 taken 90% (fallthrough)
branch  1 taken 10%
branch  2 taken 0% (fallthrough)
branch  3 taken 100%
        -:   62:	    {
    #####:   63:	      return -1;
        -:   64:	    }
        -:   65:        }
        -:   66:    }
        -:   67:
        -:   68:
        -:   69:  //initialize supply
        -:   70:  ///////////////////////////////
        -:   71:
        -:   72:  //set number of Curse cards
      373:   73:  if (numPlayers == 2)
branch  0 taken 31% (fallthrough)
branch  1 taken 69%
        -:   74:    {
      114:   75:      state->supplyCount[curse] = 10;
        -:   76:    }
      259:   77:  else if (numPlayers == 3)
branch  0 taken 53% (fallthrough)
branch  1 taken 47%
        -:   78:    {
      137:   79:      state->supplyCount[curse] = 20;
        -:   80:    }
        -:   81:  else
        -:   82:    {
      122:   83:      state->supplyCount[curse] = 30;
        -:   84:    }
        -:   85:
        -:   86:  //set number of Victory cards
      373:   87:  if (numPlayers == 2)
branch  0 taken 31% (fallthrough)
branch  1 taken 69%
        -:   88:    {
      114:   89:      state->supplyCount[estate] = 8;
      114:   90:      state->supplyCount[duchy] = 8;
      114:   91:      state->supplyCount[province] = 8;
        -:   92:    }
        -:   93:  else
        -:   94:    {
      259:   95:      state->supplyCount[estate] = 12;
      259:   96:      state->supplyCount[duchy] = 12;
      259:   97:      state->supplyCount[province] = 12;
        -:   98:    }
        -:   99:
        -:  100:  //set number of Treasure cards
      373:  101:  state->supplyCount[copper] = 60 - (7 * numPlayers);
      373:  102:  state->supplyCount[silver] = 40;
      373:  103:  state->supplyCount[gold] = 30;
        -:  104:
        -:  105:  //set number of Kingdom cards
     7833:  106:  for (i = adventurer; i <= treasure_map; i++)       	//loop all cards
branch  0 taken 95%
branch  1 taken 5% (fallthrough)
        -:  107:    {
    61545:  108:      for (j = 0; j < 10; j++)           		//loop chosen cards
branch  0 taken 94%
branch  1 taken 6% (fallthrough)
        -:  109:	{
    57815:  110:	  if (kingdomCards[j] == i)
branch  0 taken 6% (fallthrough)
branch  1 taken 94%
        -:  111:	    {
        -:  112:	      //check if card is a 'Victory' Kingdom card
     3730:  113:	      if (kingdomCards[j] == great_hall || kingdomCards[j] == gardens)
branch  0 taken 90% (fallthrough)
branch  1 taken 10%
branch  2 taken 11% (fallthrough)
branch  3 taken 89%
        -:  114:		{
     1492:  115:		  if (numPlayers == 2){ 
branch  0 taken 31% (fallthrough)
branch  1 taken 69%
      228:  116:		    state->supplyCount[i] = 8; 
        -:  117:		  }
      518:  118:		  else{ state->supplyCount[i] = 12; }
        -:  119:		}
        -:  120:	      else
        -:  121:		{
     2984:  122:		  state->supplyCount[i] = 10;
        -:  123:		}
     3730:  124:	      break;
        -:  125:	    }
        -:  126:	  else    //card is not in the set choosen for the game
        -:  127:	    {
    54085:  128:	      state->supplyCount[i] = -1;
        -:  129:	    }
        -:  130:	}
        -:  131:
        -:  132:    }
        -:  133:
        -:  134:  ////////////////////////
        -:  135:  //supply intilization complete
        -:  136:
        -:  137:  //set player decks
     1500:  138:  for (i = 0; i < numPlayers; i++)
branch  0 taken 75%
branch  1 taken 25% (fallthrough)
        -:  139:    {
     1127:  140:      state->deckCount[i] = 0;
     4508:  141:      for (j = 0; j < 3; j++)
branch  0 taken 75%
branch  1 taken 25% (fallthrough)
        -:  142:	{
     3381:  143:	  state->deck[i][j] = estate;
     3381:  144:	  state->deckCount[i]++;
        -:  145:	}
     9016:  146:      for (j = 3; j < 10; j++)
branch  0 taken 88%
branch  1 taken 13% (fallthrough)
        -:  147:	{
     7889:  148:	  state->deck[i][j] = copper;
     7889:  149:	  state->deckCount[i]++;		
        -:  150:	}
        -:  151:    }
        -:  152:
        -:  153:  //shuffle player decks
     1500:  154:  for (i = 0; i < numPlayers; i++)
branch  0 taken 75%
branch  1 taken 25% (fallthrough)
        -:  155:    {
     1127:  156:      if ( shuffle(i, state) < 0 )
call    0 returned 100%
branch  1 taken 0% (fallthrough)
branch  2 taken 100%
        -:  157:	{
    #####:  158:	  return -1;
        -:  159:	}
        -:  160:    }
        -:  161:
        -:  162:  //draw player hands
     1500:  163:  for (i = 0; i < numPlayers; i++)
branch  0 taken 75%
branch  1 taken 25% (fallthrough)
        -:  164:    {  
        -:  165:      //initialize hand size to zero
     1127:  166:      state->handCount[i] = 0;
     1127:  167:      state->discardCount[i] = 0;
        -:  168:      //draw 5 cards
        -:  169:      // for (j = 0; j < 5; j++)
        -:  170:      //	{
        -:  171:      //	  drawCard(i, state);
        -:  172:      //	}
        -:  173:    }
        -:  174:  
        -:  175:  //set embargo tokens to 0 for all supply piles
    10444:  176:  for (i = 0; i <= treasure_map; i++)
branch  0 taken 96%
branch  1 taken 4% (fallthrough)
        -:  177:    {
    10071:  178:      state->embargoTokens[i] = 0;
        -:  179:    }
        -:  180:
        -:  181:  //initialize first player's turn
      373:  182:  state->outpostPlayed = 0;
      373:  183:  state->phase = 0;
      373:  184:  state->numActions = 1;
      373:  185:  state->numBuys = 1;
      373:  186:  state->playedCardCount = 0;
      373:  187:  state->whoseTurn = 0;
      373:  188:  state->handCount[state->whoseTurn] = 0;
        -:  189:  //int it; move to top
        -:  190:
        -:  191:  //Moved draw cards to here, only drawing at the start of a turn
     2238:  192:  for (it = 0; it < 5; it++){
branch  0 taken 83%
branch  1 taken 17% (fallthrough)
     1865:  193:    drawCard(state->whoseTurn, state);
call    0 returned 100%
        -:  194:  }
        -:  195:
      373:  196:  updateCoins(state->whoseTurn, state, 0);
call    0 returned 100%
        -:  197:
      373:  198:  return 0;
        -:  199:}
        -:  200:
function shuffle called 1131 returned 100% blocks executed 100%
     1131:  201:int shuffle(int player, struct gameState *state) {
        -:  202: 
        -:  203:
        -:  204:  int newDeck[MAX_DECK];
     1131:  205:  int newDeckPos = 0;
        -:  206:  int card;
        -:  207:  int i;
        -:  208:
     1131:  209:  if (state->deckCount[player] < 1)
branch  0 taken 1% (fallthrough)
branch  1 taken 99%
        3:  210:    return -1;
     1128:  211:  qsort ((void*)(state->deck[player]), state->deckCount[player], sizeof(int), compare); 
call    0 returned 100%
        -:  212:  /* SORT CARDS IN DECK TO ENSURE DETERMINISM! */
        -:  213:
    13588:  214:  while (state->deckCount[player] > 0) {
branch  0 taken 91%
branch  1 taken 9% (fallthrough)
    11332:  215:    card = floor(Random() * state->deckCount[player]);
call    0 returned 100%
    11332:  216:    newDeck[newDeckPos] = state->deck[player][card];
    11332:  217:    newDeckPos++;
    41592:  218:    for (i = card; i < state->deckCount[player]-1; i++) {
branch  0 taken 73%
branch  1 taken 27% (fallthrough)
    30260:  219:      state->deck[player][i] = state->deck[player][i+1];
        -:  220:    }
    11332:  221:    state->deckCount[player]--;
        -:  222:  }
    12460:  223:  for (i = 0; i < newDeckPos; i++) {
branch  0 taken 91%
branch  1 taken 9% (fallthrough)
    11332:  224:    state->deck[player][i] = newDeck[i];
    11332:  225:    state->deckCount[player]++;
        -:  226:  }
        -:  227:
     1128:  228:  return 0;
        -:  229:}
        -:  230:
function playCard called 506 returned 100% blocks executed 80%
      506:  231:int playCard(int handPos, int choice1, int choice2, int choice3, struct gameState *state) 
        -:  232:{	
        -:  233:  int card;
      506:  234:  int coin_bonus = 0; 		//tracks coins gain from actions
        -:  235:
        -:  236:  //check if it is the right phase
      506:  237:  if (state->phase != 0)
branch  0 taken 0% (fallthrough)
branch  1 taken 100%
        -:  238:    {
    #####:  239:      return -1;
        -:  240:    }
        -:  241:	
        -:  242:  //check if player has enough actions
      506:  243:  if ( state->numActions < 1 )
branch  0 taken 26% (fallthrough)
branch  1 taken 74%
        -:  244:    {
      133:  245:      return -1;
        -:  246:    }
        -:  247:	
        -:  248:  //get card played
      373:  249:  card = handCard(handPos, state);
call    0 returned 100%
        -:  250:	
        -:  251:  //check if selected card is an action
      373:  252:  if ( card < adventurer || card > treasure_map )
branch  0 taken 100% (fallthrough)
branch  1 taken 0%
branch  2 taken 0% (fallthrough)
branch  3 taken 100%
        -:  253:    {
    #####:  254:      return -1;
        -:  255:    }
        -:  256:	
        -:  257:  //play card
      373:  258:  if ( cardEffect(card, choice1, choice2, choice3, state, handPos, &coin_bonus) < 0 )
call    0 returned 100%
branch  1 taken 0% (fallthrough)
branch  2 taken 100%
        -:  259:    {
    #####:  260:      return -1;
        -:  261:    }
        -:  262:	
        -:  263:  //reduce number of actions
      373:  264:  state->numActions--;
        -:  265:
        -:  266:  //update coins (Treasure cards may be added with card draws)
      373:  267:  updateCoins(state->whoseTurn, state, coin_bonus);
call    0 returned 100%
        -:  268:	
      373:  269:  return 0;
        -:  270:}
        -:  271:
function buyCard called 0 returned 0% blocks executed 0%
    #####:  272:int buyCard(int supplyPos, struct gameState *state) {
        -:  273:  int who;
        -:  274:  if (DEBUG){
        -:  275:    printf("Entering buyCard...\n");
        -:  276:  }
        -:  277:
        -:  278:  // I don't know what to do about the phase thing.
        -:  279:
    #####:  280:  who = state->whoseTurn;
        -:  281:
    #####:  282:  if (state->numBuys < 1){
branch  0 never executed
branch  1 never executed
        -:  283:    if (DEBUG)
        -:  284:      printf("You do not have any buys left\n");
    #####:  285:    return -1;
    #####:  286:  } else if (supplyCount(supplyPos, state) <1){
call    0 never executed
branch  1 never executed
branch  2 never executed
        -:  287:    if (DEBUG)
        -:  288:      printf("There are not any of that type of card left\n");
    #####:  289:    return -1;
    #####:  290:  } else if (state->coins < getCost(supplyPos)){
call    0 never executed
branch  1 never executed
branch  2 never executed
        -:  291:    if (DEBUG) 
        -:  292:      printf("You do not have enough money to buy that. You have %d coins.\n", state->coins);
    #####:  293:    return -1;
        -:  294:  } else {
    #####:  295:    state->phase=1;
        -:  296:    //state->supplyCount[supplyPos]--;
    #####:  297:    gainCard(supplyPos, state, 0, who); //card goes in discard, this might be wrong.. (2 means goes into hand, 0 goes into discard)
call    0 never executed
        -:  298:  
    #####:  299:    state->coins = (state->coins) - (getCost(supplyPos));
call    0 never executed
    #####:  300:    state->numBuys--;
        -:  301:    if (DEBUG)
        -:  302:      printf("You bought card number %d for %d coins. You now have %d buys and %d coins.\n", supplyPos, getCost(supplyPos), state->numBuys, state->coins);
        -:  303:  }
        -:  304:
        -:  305:  //state->discard[who][state->discardCount[who]] = supplyPos;
        -:  306:  //state->discardCount[who]++;
        -:  307:    
    #####:  308:  return 0;
        -:  309:}
        -:  310:
function numHandCards called 2 returned 100% blocks executed 100%
        2:  311:int numHandCards(struct gameState *state) {
        2:  312:  return state->handCount[ whoseTurn(state) ];
call    0 returned 100%
        -:  313:}
        -:  314:
function handCard called 373 returned 100% blocks executed 100%
      373:  315:int handCard(int handPos, struct gameState *state) {
      373:  316:  int currentPlayer = whoseTurn(state);
call    0 returned 100%
      373:  317:  return state->hand[currentPlayer][handPos];
        -:  318:}
        -:  319:
function supplyCount called 0 returned 0% blocks executed 0%
    #####:  320:int supplyCount(int card, struct gameState *state) {
    #####:  321:  return state->supplyCount[card];
        -:  322:}
        -:  323:
function fullDeckCount called 0 returned 0% blocks executed 0%
    #####:  324:int fullDeckCount(int player, int card, struct gameState *state) {
        -:  325:  int i;
    #####:  326:  int count = 0;
        -:  327:
    #####:  328:  for (i = 0; i < state->deckCount[player]; i++)
branch  0 never executed
branch  1 never executed
        -:  329:    {
    #####:  330:      if (state->deck[player][i] == card) count++;
branch  0 never executed
branch  1 never executed
        -:  331:    }
        -:  332:
    #####:  333:  for (i = 0; i < state->handCount[player]; i++)
branch  0 never executed
branch  1 never executed
        -:  334:    {
    #####:  335:      if (state->hand[player][i] == card) count++;
branch  0 never executed
branch  1 never executed
        -:  336:    }
        -:  337:
    #####:  338:  for (i = 0; i < state->discardCount[player]; i++)
branch  0 never executed
branch  1 never executed
        -:  339:    {
    #####:  340:      if (state->discard[player][i] == card) count++;
branch  0 never executed
branch  1 never executed
        -:  341:    }
        -:  342:
    #####:  343:  return count;
        -:  344:}
        -:  345:
function whoseTurn called 750 returned 100% blocks executed 100%
      750:  346:int whoseTurn(struct gameState *state) {
      750:  347:  return state->whoseTurn;
        -:  348:}
        -:  349:
function endTurn called 0 returned 0% blocks executed 0%
    #####:  350:int endTurn(struct gameState *state) {
        -:  351:  int k;
        -:  352:  int i;
    #####:  353:  int currentPlayer = whoseTurn(state);
call    0 never executed
        -:  354:  
        -:  355:  //Discard hand
    #####:  356:  for (i = 0; i < state->handCount[currentPlayer]; i++){
branch  0 never executed
branch  1 never executed
    #####:  357:    state->discard[currentPlayer][state->discardCount[currentPlayer]++] = state->hand[currentPlayer][i];//Discard
    #####:  358:    state->hand[currentPlayer][i] = -1;//Set card to -1
        -:  359:  }
    #####:  360:  state->handCount[currentPlayer] = 0;//Reset hand count
        -:  361:    
        -:  362:  //Code for determining the player
    #####:  363:  if (currentPlayer < (state->numPlayers - 1)){ 
branch  0 never executed
branch  1 never executed
    #####:  364:    state->whoseTurn = currentPlayer + 1;//Still safe to increment
        -:  365:  }
        -:  366:  else{
    #####:  367:    state->whoseTurn = 0;//Max player has been reached, loop back around to player 1
        -:  368:  }
        -:  369:
    #####:  370:  state->outpostPlayed = 0;
    #####:  371:  state->phase = 0;
    #####:  372:  state->numActions = 1;
    #####:  373:  state->coins = 0;
    #####:  374:  state->numBuys = 1;
    #####:  375:  state->playedCardCount = 0;
    #####:  376:  state->handCount[state->whoseTurn] = 0;
        -:  377:
        -:  378:  //int k; move to top
        -:  379:  //Next player draws hand
    #####:  380:  for (k = 0; k < 5; k++){
branch  0 never executed
branch  1 never executed
    #####:  381:    drawCard(state->whoseTurn, state);//Draw a card
call    0 never executed
        -:  382:  }
        -:  383:
        -:  384:  //Update money
    #####:  385:  updateCoins(state->whoseTurn, state , 0);
call    0 never executed
        -:  386:
    #####:  387:  return 0;
        -:  388:}
        -:  389:
function isGameOver called 7 returned 100% blocks executed 100%
        7:  390:int isGameOver(struct gameState *state) {
        -:  391:  int i;
        -:  392:  int j;
        -:  393:	
        -:  394:  //if stack of Province cards is empty, the game ends
        7:  395:  if (state->supplyCount[province] == 0)
branch  0 taken 29% (fallthrough)
branch  1 taken 71%
        -:  396:    {
        2:  397:      return 1;
        -:  398:    }
        -:  399:
        -:  400:  //if three supply pile are at 0, the game ends
        5:  401:  j = 0;
      130:  402:  for (i = 0; i < 25; i++)
branch  0 taken 96%
branch  1 taken 4% (fallthrough)
        -:  403:    {
      125:  404:      if (state->supplyCount[i] == 0)
branch  0 taken 7% (fallthrough)
branch  1 taken 93%
        -:  405:	{
        9:  406:	  j++;
        -:  407:	}
        -:  408:    }
        5:  409:  if ( j >= 3)
branch  0 taken 40% (fallthrough)
branch  1 taken 60%
        -:  410:    {
        2:  411:      return 1;
        -:  412:    }
        -:  413:
        3:  414:  return 0;
        -:  415:}
        -:  416:
function scoreFor called 0 returned 0% blocks executed 0%
    #####:  417:int scoreFor (int player, struct gameState *state) {
        -:  418:
        -:  419:  int i;
    #####:  420:  int score = 0;
        -:  421:  //score from hand
    #####:  422:  for (i = 0; i < state->handCount[player]; i++)
branch  0 never executed
branch  1 never executed
        -:  423:    {
    #####:  424:      if (state->hand[player][i] == curse) { score = score - 1; };
branch  0 never executed
branch  1 never executed
    #####:  425:      if (state->hand[player][i] == estate) { score = score + 1; };
branch  0 never executed
branch  1 never executed
    #####:  426:      if (state->hand[player][i] == duchy) { score = score + 3; };
branch  0 never executed
branch  1 never executed
    #####:  427:      if (state->hand[player][i] == province) { score = score + 6; };
branch  0 never executed
branch  1 never executed
    #####:  428:      if (state->hand[player][i] == great_hall) { score = score + 1; };
branch  0 never executed
branch  1 never executed
    #####:  429:      if (state->hand[player][i] == gardens) { score = score + ( fullDeckCount(player, 0, state) / 10 ); };
branch  0 never executed
branch  1 never executed
call    2 never executed
        -:  430:    }
        -:  431:
        -:  432:  //score from discard
    #####:  433:  for (i = 0; i < state->discardCount[player]; i++)
branch  0 never executed
branch  1 never executed
        -:  434:    {
    #####:  435:      if (state->discard[player][i] == curse) { score = score - 1; };
branch  0 never executed
branch  1 never executed
    #####:  436:      if (state->discard[player][i] == estate) { score = score + 1; };
branch  0 never executed
branch  1 never executed
    #####:  437:      if (state->discard[player][i] == duchy) { score = score + 3; };
branch  0 never executed
branch  1 never executed
    #####:  438:      if (state->discard[player][i] == province) { score = score + 6; };
branch  0 never executed
branch  1 never executed
    #####:  439:      if (state->discard[player][i] == great_hall) { score = score + 1; };
branch  0 never executed
branch  1 never executed
    #####:  440:      if (state->discard[player][i] == gardens) { score = score + ( fullDeckCount(player, 0, state) / 10 ); };
branch  0 never executed
branch  1 never executed
call    2 never executed
        -:  441:    }
        -:  442:
        -:  443:  //score from deck
    #####:  444:  for (i = 0; i < state->discardCount[player]; i++)
branch  0 never executed
branch  1 never executed
        -:  445:    {
    #####:  446:      if (state->deck[player][i] == curse) { score = score - 1; };
branch  0 never executed
branch  1 never executed
    #####:  447:      if (state->deck[player][i] == estate) { score = score + 1; };
branch  0 never executed
branch  1 never executed
    #####:  448:      if (state->deck[player][i] == duchy) { score = score + 3; };
branch  0 never executed
branch  1 never executed
    #####:  449:      if (state->deck[player][i] == province) { score = score + 6; };
branch  0 never executed
branch  1 never executed
    #####:  450:      if (state->deck[player][i] == great_hall) { score = score + 1; };
branch  0 never executed
branch  1 never executed
    #####:  451:      if (state->deck[player][i] == gardens) { score = score + ( fullDeckCount(player, 0, state) / 10 ); };
branch  0 never executed
branch  1 never executed
call    2 never executed
        -:  452:    }
        -:  453:
    #####:  454:  return score;
        -:  455:}
        -:  456:
function getWinners called 0 returned 0% blocks executed 0%
    #####:  457:int getWinners(int players[MAX_PLAYERS], struct gameState *state) {
        -:  458:  int i;	
        -:  459:  int j;
        -:  460:  int highScore;
        -:  461:  int currentPlayer;
        -:  462:
        -:  463:  //get score for each player
    #####:  464:  for (i = 0; i < MAX_PLAYERS; i++)
branch  0 never executed
branch  1 never executed
        -:  465:    {
        -:  466:      //set unused player scores to -9999
    #####:  467:      if (i >= state->numPlayers)
branch  0 never executed
branch  1 never executed
        -:  468:	{
    #####:  469:	  players[i] = -9999;
        -:  470:	}
        -:  471:      else
        -:  472:	{
    #####:  473:	  players[i] = scoreFor (i, state);
call    0 never executed
        -:  474:	}
        -:  475:    }
        -:  476:
        -:  477:  //find highest score
    #####:  478:  j = 0;
    #####:  479:  for (i = 0; i < MAX_PLAYERS; i++)
branch  0 never executed
branch  1 never executed
        -:  480:    {
    #####:  481:      if (players[i] > players[j])
branch  0 never executed
branch  1 never executed
        -:  482:	{
    #####:  483:	  j = i;
        -:  484:	}
        -:  485:    }
    #####:  486:  highScore = players[j];
        -:  487:
        -:  488:  //add 1 to players who had less turns
    #####:  489:  currentPlayer = whoseTurn(state);
call    0 never executed
    #####:  490:  for (i = 0; i < MAX_PLAYERS; i++)
branch  0 never executed
branch  1 never executed
        -:  491:    {
    #####:  492:      if ( players[i] == highScore && i > currentPlayer )
branch  0 never executed
branch  1 never executed
branch  2 never executed
branch  3 never executed
        -:  493:	{
    #####:  494:	  players[i]++;
        -:  495:	}
        -:  496:    }
        -:  497:
        -:  498:  //find new highest score
    #####:  499:  j = 0;
    #####:  500:  for (i = 0; i < MAX_PLAYERS; i++)
branch  0 never executed
branch  1 never executed
        -:  501:    {
    #####:  502:      if ( players[i] > players[j] )
branch  0 never executed
branch  1 never executed
        -:  503:	{
    #####:  504:	  j = i;
        -:  505:	}
        -:  506:    }
    #####:  507:  highScore = players[j];
        -:  508:
        -:  509:  //set winners in array to 1 and rest to 0
    #####:  510:  for (i = 0; i < MAX_PLAYERS; i++)
branch  0 never executed
branch  1 never executed
        -:  511:    {
    #####:  512:      if ( players[i] == highScore )
branch  0 never executed
branch  1 never executed
        -:  513:	{
    #####:  514:	  players[i] = 1;
        -:  515:	}
        -:  516:      else
        -:  517:	{
    #####:  518:	  players[i] = 0;
        -:  519:	}
        -:  520:    }
        -:  521:
    #####:  522:  return 0;
        -:  523:}
        -:  524:
function drawCard called 89640 returned 100% blocks executed 100%
    89640:  525:int drawCard(int player, struct gameState *state)
        -:  526:{	int count;
        -:  527:  int deckCounter;
    89640:  528:  if (state->deckCount[player] <= 0){//Deck is empty
branch  0 taken 1% (fallthrough)
branch  1 taken 99%
        -:  529:    
        -:  530:    //Step 1 Shuffle the discard pile back into a deck
        -:  531:    int i;
        -:  532:    //Move discard to deck
       64:  533:    for (i = 0; i < state->discardCount[player];i++){
branch  0 taken 97%
branch  1 taken 3% (fallthrough)
       62:  534:      state->deck[player][i] = state->discard[player][i];
       62:  535:      state->discard[player][i] = -1;
        -:  536:    }
        -:  537:
        2:  538:    state->deckCount[player] = state->discardCount[player];
        2:  539:    state->discardCount[player] = 0;//Reset discard
        -:  540:
        -:  541:    //Shufffle the deck
        2:  542:    shuffle(player, state);//Shuffle the deck up and make it so that we can draw
call    0 returned 100%
        -:  543:   
        -:  544:    if (DEBUG){//Debug statements
        -:  545:      printf("Deck count now: %d\n", state->deckCount[player]);
        -:  546:    }
        -:  547:    
        2:  548:    state->discardCount[player] = 0;
        -:  549:
        -:  550:    //Step 2 Draw Card
        2:  551:    count = state->handCount[player];//Get current player's hand count
        -:  552:    
        -:  553:    if (DEBUG){//Debug statements
        -:  554:      printf("Current hand count: %d\n", count);
        -:  555:    }
        -:  556:    
        2:  557:    deckCounter = state->deckCount[player];//Create a holder for the deck count
        -:  558:
        2:  559:    if (deckCounter == 0)
branch  0 taken 50% (fallthrough)
branch  1 taken 50%
        1:  560:      return -1;
        -:  561:
        1:  562:    state->hand[player][count] = state->deck[player][deckCounter - 1];//Add card to hand
        1:  563:    state->deckCount[player]--;
        1:  564:    state->handCount[player]++;//Increment hand count
        -:  565:  }
        -:  566:
        -:  567:  else{
    89638:  568:    int count = state->handCount[player];//Get current hand count for player
        -:  569:    int deckCounter;
        -:  570:    if (DEBUG){//Debug statements
        -:  571:      printf("Current hand count: %d\n", count);
        -:  572:    }
        -:  573:
    89638:  574:    deckCounter = state->deckCount[player];//Create holder for the deck count
    89638:  575:    state->hand[player][count] = state->deck[player][deckCounter - 1];//Add card to the hand
    89638:  576:    state->deckCount[player]--;
    89638:  577:    state->handCount[player]++;//Increment hand count
        -:  578:  }
        -:  579:
    89639:  580:  return 0;
        -:  581:}
        -:  582:
function getCost called 4 returned 100% blocks executed 17%
        4:  583:int getCost(int cardNumber)
        -:  584:{
        4:  585:  switch( cardNumber ) 
branch  0 taken 50%
branch  1 taken 0%
branch  2 taken 0%
branch  3 taken 0%
branch  4 taken 0%
branch  5 taken 0%
branch  6 taken 0%
branch  7 taken 0%
branch  8 taken 0%
branch  9 taken 0%
branch 10 taken 0%
branch 11 taken 0%
branch 12 taken 0%
branch 13 taken 0%
branch 14 taken 0%
branch 15 taken 0%
branch 16 taken 0%
branch 17 taken 0%
branch 18 taken 0%
branch 19 taken 0%
branch 20 taken 0%
branch 21 taken 0%
branch 22 taken 0%
branch 23 taken 25%
branch 24 taken 0%
branch 25 taken 0%
branch 26 taken 25%
branch 27 taken 0%
        -:  586:    {
        -:  587:    case curse:
        2:  588:      return 0;
        -:  589:    case estate:
    #####:  590:      return 2;
        -:  591:    case duchy:
    #####:  592:      return 5;
        -:  593:    case province:
    #####:  594:      return 8;
        -:  595:    case copper:
    #####:  596:      return 0;
        -:  597:    case silver:
    #####:  598:      return 3;
        -:  599:    case gold:
    #####:  600:      return 6;
        -:  601:    case adventurer:
    #####:  602:      return 6;
        -:  603:    case council_room:
    #####:  604:      return 5;
        -:  605:    case feast:
    #####:  606:      return 4;
        -:  607:    case gardens:
    #####:  608:      return 4;
        -:  609:    case mine:
    #####:  610:      return 5;
        -:  611:    case remodel:
    #####:  612:      return 4;
        -:  613:    case smithy:
    #####:  614:      return 4;
        -:  615:    case village:
    #####:  616:      return 3;
        -:  617:    case baron:
    #####:  618:      return 4;
        -:  619:    case great_hall:
    #####:  620:      return 3;
        -:  621:    case minion:
    #####:  622:      return 5;
        -:  623:    case steward:
    #####:  624:      return 3;
        -:  625:    case tribute:
    #####:  626:      return 5;
        -:  627:    case ambassador:
    #####:  628:      return 3;
        -:  629:    case cutpurse:
    #####:  630:      return 4;
        -:  631:    case embargo: 
    #####:  632:      return 2;
        -:  633:    case outpost:
        1:  634:      return 5;
        -:  635:    case salvager:
    #####:  636:      return 4;
        -:  637:    case sea_hag:
    #####:  638:      return 4;
        -:  639:    case treasure_map:
        1:  640:      return 4;
        -:  641:    }
        -:  642:	
    #####:  643:  return -1;
        -:  644:}
        -:  645:
function adventurer_Fn called 368 returned 100% blocks executed 100%
      368:  646:int adventurer_Fn(struct gameState *state, int currentPlayer, int* drawntreasure, int* cardDrawn, int temphand[], int* z) {
    88505:  647:  while(*drawntreasure<1){
branch  0 taken 99%
branch  1 taken 1% (fallthrough)
    87769:  648:    if (state->deckCount[currentPlayer] <1){//if the deck is empty we need to shuffle discard and add to deck
branch  0 taken 1% (fallthrough)
branch  1 taken 99%
        2:  649:      shuffle(currentPlayer, state);
call    0 returned 100%
        -:  650:    }
        -:  651:
    87769:  652:    drawCard(currentPlayer, state);
call    0 returned 100%
        -:  653:  
    87769:  654:    *cardDrawn = state->hand[currentPlayer][state->handCount[currentPlayer]-1];//top card of hand is most recently drawn card.
        -:  655:  
    87769:  656:    if (*cardDrawn == copper || *cardDrawn == silver || *cardDrawn == gold)
branch  0 taken 99% (fallthrough)
branch  1 taken 1%
branch  2 taken 100% (fallthrough)
branch  3 taken 0%
branch  4 taken 0% (fallthrough)
branch  5 taken 100%
      368:  657:      *drawntreasure = *drawntreasure + 1;
        -:  658:  
        -:  659:    else{
    87401:  660:      temphand[*z]=*cardDrawn;
    87401:  661:      state->handCount[currentPlayer]--; //this should just remove the top card (the most recently drawn one).
    87401:  662:      *z = *z + 1;
        -:  663:    }
        -:  664:  }
        -:  665:  
    88137:  666:  while(*z-1>=0){
branch  0 taken 99%
branch  1 taken 1% (fallthrough)
    87401:  667:    state->discard[currentPlayer][state->discardCount[currentPlayer]++]=temphand[*z-1]; // discard all cards in play that have been drawn
    87401:  668:    *z=*z-1;
        -:  669:  }
        -:  670:
      368:  671:  return 0;
        -:  672:}
        -:  673:
function smithy_Fn called 2 returned 100% blocks executed 100%
        2:  674:int smithy_Fn(struct gameState *state, int handPos, int currentPlayer) {
        -:  675:      //+3 Cards
        -:  676:      int i;
        8:  677:      for (i = 0; i < 3; i++)
branch  0 taken 75%
branch  1 taken 25% (fallthrough)
        -:  678:  {
        6:  679:    drawCard(currentPlayer, state);
call    0 returned 100%
        -:  680:  }
        -:  681:      
        -:  682:      //discard card from hand
        -:  683:      //discardCard(handPos, currentPlayer, state, 0);
        2:  684:      return 0;
        -:  685:}
        -:  686:
function village_Fn called 0 returned 0% blocks executed 0%
    #####:  687:int village_Fn(struct gameState *state, int handPos, int currentPlayer) {
        -:  688:        //+1 Card
    #####:  689:      drawCard(currentPlayer, state);
call    0 never executed
        -:  690:      
        -:  691:      //+2 Actions
    #####:  692:      state->numActions = state->numActions + 1;
        -:  693:      
        -:  694:      //discard played card from hand
    #####:  695:      discardCard(handPos, currentPlayer, state, 0);
call    0 never executed
    #####:  696:      return 0;
        -:  697:}
        -:  698:
function great_hall_Fn called 2 returned 100% blocks executed 100%
        2:  699:int great_hall_Fn(struct gameState *state, int handPos, int currentPlayer) {
        -:  700:        //+1 Card
        -:  701:      //drawCard(currentPlayer, state);
        -:  702:      
        -:  703:      //+1 Actions
        2:  704:      state->numActions++;
        -:  705:      
        -:  706:      //discard card from hand
        2:  707:      discardCard(handPos, currentPlayer, state, 0);
call    0 returned 100%
        2:  708:      return 0;
        -:  709:}
        -:  710:
function outpost_Fn called 1 returned 100% blocks executed 100%
        1:  711:int outpost_Fn(struct gameState *state, int handPos, int currentPlayer) {
        -:  712:        //set outpost flag
        -:  713:      //state->outpostPlayed++;
        -:  714:      
        -:  715:      //discard card
        1:  716:      discardCard(handPos, currentPlayer, state, 0);
call    0 returned 100%
        1:  717:      return 0;
        -:  718:}
        -:  719:
function cardEffect called 373 returned 100% blocks executed 6%
      373:  720:int cardEffect(int card, int choice1, int choice2, int choice3, struct gameState *state, int handPos, int *bonus)
        -:  721:{
        -:  722:  int i;
        -:  723:  int j;
        -:  724:  int k;
        -:  725:  int x;
        -:  726:  int index;
      373:  727:  int currentPlayer = whoseTurn(state);
call    0 returned 100%
      373:  728:  int nextPlayer = currentPlayer + 1;
        -:  729:
      373:  730:  int tributeRevealedCards[2] = {-1, -1};
        -:  731:  int temphand[MAX_HAND];// moved above the if statement
      373:  732:  int drawntreasure=0;
        -:  733:  int cardDrawn;
      373:  734:  int z = 0;// this is the counter for the temp hand
      373:  735:  if (nextPlayer > (state->numPlayers - 1)){
branch  0 taken 38% (fallthrough)
branch  1 taken 62%
      142:  736:    nextPlayer = 0;
        -:  737:  }
        -:  738:  
        -:  739:	
        -:  740:  //uses switch to select card and perform actions
      373:  741:  switch( card ) 
branch  0 taken 99%
branch  1 taken 0%
branch  2 taken 0%
branch  3 taken 0%
branch  4 taken 0%
branch  5 taken 0%
branch  6 taken 1%
branch  7 taken 0%
branch  8 taken 0%
branch  9 taken 1%
branch 10 taken 0%
branch 11 taken 0%
branch 12 taken 0%
branch 13 taken 0%
branch 14 taken 0%
branch 15 taken 0%
branch 16 taken 1%
branch 17 taken 0%
branch 18 taken 0%
branch 19 taken 0%
branch 20 taken 0%
        -:  742:    {
        -:  743:    case adventurer:
      368:  744:        adventurer_Fn(state, currentPlayer, &drawntreasure, &cardDrawn, temphand, &z);
call    0 returned 100%
      368:  745:        return 0;
        -:  746:			
        -:  747:    case council_room:
        -:  748:      //+4 Cards
    #####:  749:      for (i = 0; i < 4; i++)
branch  0 never executed
branch  1 never executed
        -:  750:	{
    #####:  751:	  drawCard(currentPlayer, state);
call    0 never executed
        -:  752:	}
        -:  753:			
        -:  754:      //+1 Buy
    #####:  755:      state->numBuys++;
        -:  756:			
        -:  757:      //Each other player draws a card
    #####:  758:      for (i = 0; i < state->numPlayers; i++)
branch  0 never executed
branch  1 never executed
        -:  759:	{
    #####:  760:	  if ( i != currentPlayer )
branch  0 never executed
branch  1 never executed
        -:  761:	    {
    #####:  762:	      drawCard(i, state);
call    0 never executed
        -:  763:	    }
        -:  764:	}
        -:  765:			
        -:  766:      //put played card in played card pile
    #####:  767:      discardCard(handPos, currentPlayer, state, 0);
call    0 never executed
        -:  768:			
    #####:  769:      return 0;
        -:  770:			
        -:  771:    case feast:
        -:  772:      //gain card with cost up to 5
        -:  773:      //Backup hand
    #####:  774:      for (i = 0; i <= state->handCount[currentPlayer]; i++){
branch  0 never executed
branch  1 never executed
    #####:  775:	temphand[i] = state->hand[currentPlayer][i];//Backup card
    #####:  776:	state->hand[currentPlayer][i] = -1;//Set to nothing
        -:  777:      }
        -:  778:      //Backup hand
        -:  779:
        -:  780:      //Update Coins for Buy
    #####:  781:      updateCoins(currentPlayer, state, 5);
call    0 never executed
    #####:  782:      x = 1;//Condition to loop on
    #####:  783:      while( x == 1) {//Buy one card
branch  0 never executed
branch  1 never executed
    #####:  784:	if (supplyCount(choice1, state) <= 0){
call    0 never executed
branch  1 never executed
branch  2 never executed
        -:  785:	  if (DEBUG)
        -:  786:	    printf("None of that card left, sorry!\n");
        -:  787:
        -:  788:	  if (DEBUG){
        -:  789:	    printf("Cards Left: %d\n", supplyCount(choice1, state));
        -:  790:	  }
        -:  791:	}
    #####:  792:	else if (state->coins < getCost(choice1)){
call    0 never executed
branch  1 never executed
branch  2 never executed
    #####:  793:	  printf("That card is too expensive!\n");
call    0 never executed
        -:  794:
        -:  795:	  if (DEBUG){
        -:  796:	    printf("Coins: %d < %d\n", state->coins, getCost(choice1));
        -:  797:	  }
        -:  798:	}
        -:  799:	else{
        -:  800:
        -:  801:	  if (DEBUG){
        -:  802:	    printf("Deck Count: %d\n", state->handCount[currentPlayer] + state->deckCount[currentPlayer] + state->discardCount[currentPlayer]);
        -:  803:	  }
        -:  804:
    #####:  805:	  gainCard(choice1, state, 0, currentPlayer);//Gain the card
call    0 never executed
    #####:  806:	  x = 0;//No more buying cards
        -:  807:
        -:  808:	  if (DEBUG){
        -:  809:	    printf("Deck Count: %d\n", state->handCount[currentPlayer] + state->deckCount[currentPlayer] + state->discardCount[currentPlayer]);
        -:  810:	  }
        -:  811:
        -:  812:	}
        -:  813:      }     
        -:  814:
        -:  815:      //Reset Hand
    #####:  816:      for (i = 0; i <= state->handCount[currentPlayer]; i++){
branch  0 never executed
branch  1 never executed
    #####:  817:	state->hand[currentPlayer][i] = temphand[i];
    #####:  818:	temphand[i] = -1;
        -:  819:      }
        -:  820:      //Reset Hand
        -:  821:      			
    #####:  822:      return 0;
        -:  823:			
        -:  824:    case gardens:
    #####:  825:      return -1;
        -:  826:			
        -:  827:    case mine:
    #####:  828:      j = state->hand[currentPlayer][choice1];  //store card we will trash
        -:  829:
    #####:  830:      if (state->hand[currentPlayer][choice1] < copper || state->hand[currentPlayer][choice1] > gold)
branch  0 never executed
branch  1 never executed
branch  2 never executed
branch  3 never executed
        -:  831:	{
    #####:  832:	  return -1;
        -:  833:	}
        -:  834:		
    #####:  835:      if (choice2 > treasure_map || choice2 < curse)
branch  0 never executed
branch  1 never executed
branch  2 never executed
branch  3 never executed
        -:  836:	{
    #####:  837:	  return -1;
        -:  838:	}
        -:  839:
    #####:  840:      if ( (getCost(state->hand[currentPlayer][choice1]) + 3) > getCost(choice2) )
call    0 never executed
call    1 never executed
branch  2 never executed
branch  3 never executed
        -:  841:	{
    #####:  842:	  return -1;
        -:  843:	}
        -:  844:
    #####:  845:      gainCard(choice2, state, 2, currentPlayer);
call    0 never executed
        -:  846:
        -:  847:      //discard card from hand
    #####:  848:      discardCard(handPos, currentPlayer, state, 0);
call    0 never executed
        -:  849:
        -:  850:      //discard trashed card
    #####:  851:      for (i = 0; i < state->handCount[currentPlayer]; i++)
branch  0 never executed
branch  1 never executed
        -:  852:	{
    #####:  853:	  if (state->hand[currentPlayer][i] == j)
branch  0 never executed
branch  1 never executed
        -:  854:	    {
    #####:  855:	      discardCard(i, currentPlayer, state, 0);			
call    0 never executed
    #####:  856:	      break;
        -:  857:	    }
        -:  858:	}
        -:  859:			
    #####:  860:      return 0;
        -:  861:			
        -:  862:    case remodel:
    #####:  863:      j = state->hand[currentPlayer][choice1];  //store card we will trash
        -:  864:
    #####:  865:      if ( (getCost(state->hand[currentPlayer][choice1]) + 2) > getCost(choice2) )
call    0 never executed
call    1 never executed
branch  2 never executed
branch  3 never executed
        -:  866:	{
    #####:  867:	  return -1;
        -:  868:	}
        -:  869:
    #####:  870:      gainCard(choice2, state, 0, currentPlayer);
call    0 never executed
        -:  871:
        -:  872:      //discard card from hand
    #####:  873:      discardCard(handPos, currentPlayer, state, 0);
call    0 never executed
        -:  874:
        -:  875:      //discard trashed card
    #####:  876:      for (i = 0; i < state->handCount[currentPlayer]; i++)
branch  0 never executed
branch  1 never executed
        -:  877:	{
    #####:  878:	  if (state->hand[currentPlayer][i] == j)
branch  0 never executed
branch  1 never executed
        -:  879:	    {
    #####:  880:	      discardCard(i, currentPlayer, state, 0);			
call    0 never executed
    #####:  881:	      break;
        -:  882:	    }
        -:  883:	}
        -:  884:
        -:  885:
    #####:  886:      return 0;
        -:  887:		
        -:  888:    case smithy:
        2:  889:        smithy_Fn(state, handPos, currentPlayer);
call    0 returned 100%
        2:  890:        return 0;
        -:  891:		
        -:  892:    case village:
    #####:  893:        village_Fn(state, handPos, currentPlayer);
call    0 never executed
    #####:  894:        return 0;
        -:  895:		
        -:  896:    case baron:
    #####:  897:      state->numBuys++;//Increase buys by 1!
    #####:  898:      if (choice1 > 0){//Boolean true or going to discard an estate
branch  0 never executed
branch  1 never executed
    #####:  899:	int p = 0;//Iterator for hand!
    #####:  900:	int card_not_discarded = 1;//Flag for discard set!
    #####:  901:	while(card_not_discarded){
branch  0 never executed
branch  1 never executed
    #####:  902:	  if (state->hand[currentPlayer][p] == estate){//Found an estate card!
branch  0 never executed
branch  1 never executed
    #####:  903:	    state->coins += 4;//Add 4 coins to the amount of coins
    #####:  904:	    state->discard[currentPlayer][state->discardCount[currentPlayer]] = state->hand[currentPlayer][p];
    #####:  905:	    state->discardCount[currentPlayer]++;
    #####:  906:	    for (;p < state->handCount[currentPlayer]; p++){
branch  0 never executed
branch  1 never executed
    #####:  907:	      state->hand[currentPlayer][p] = state->hand[currentPlayer][p+1];
        -:  908:	    }
    #####:  909:	    state->hand[currentPlayer][state->handCount[currentPlayer]] = -1;
    #####:  910:	    state->handCount[currentPlayer]--;
    #####:  911:	    card_not_discarded = 0;//Exit the loop
        -:  912:	  }
    #####:  913:	  else if (p > state->handCount[currentPlayer]){
branch  0 never executed
branch  1 never executed
        -:  914:	    if(DEBUG) {
        -:  915:	      printf("No estate cards in your hand, invalid choice\n");
        -:  916:	      printf("Must gain an estate if there are any\n");
        -:  917:	    }
    #####:  918:	    if (supplyCount(estate, state) > 0){
call    0 never executed
branch  1 never executed
branch  2 never executed
    #####:  919:	      gainCard(estate, state, 0, currentPlayer);
call    0 never executed
    #####:  920:	      state->supplyCount[estate]--;//Decrement estates
    #####:  921:	      if (supplyCount(estate, state) == 0){
call    0 never executed
branch  1 never executed
branch  2 never executed
    #####:  922:		isGameOver(state);
call    0 never executed
        -:  923:	      }
        -:  924:	    }
    #####:  925:	    card_not_discarded = 0;//Exit the loop
        -:  926:	  }
        -:  927:			    
        -:  928:	  else{
    #####:  929:	    p++;//Next card
        -:  930:	  }
        -:  931:	}
        -:  932:      }
        -:  933:			    
        -:  934:      else{
    #####:  935:	if (supplyCount(estate, state) > 0){
call    0 never executed
branch  1 never executed
branch  2 never executed
    #####:  936:	  gainCard(estate, state, 0, currentPlayer);//Gain an estate
call    0 never executed
    #####:  937:	  state->supplyCount[estate]--;//Decrement Estates
    #####:  938:	  if (supplyCount(estate, state) == 0){
call    0 never executed
branch  1 never executed
branch  2 never executed
    #####:  939:	    isGameOver(state);
call    0 never executed
        -:  940:	  }
        -:  941:	}
        -:  942:      }
        -:  943:	    
        -:  944:      
    #####:  945:      return 0;
        -:  946:		
        -:  947:    case great_hall:
        2:  948:        great_hall_Fn(state, handPos, currentPlayer);
call    0 returned 100%
        2:  949:        return 0;
        -:  950:		
        -:  951:    case minion:
        -:  952:      //+1 action
    #####:  953:      state->numActions++;
        -:  954:			
        -:  955:      //discard card from hand
    #####:  956:      discardCard(handPos, currentPlayer, state, 0);
call    0 never executed
        -:  957:			
    #####:  958:      if (choice1)		//+2 coins
branch  0 never executed
branch  1 never executed
        -:  959:	{
    #####:  960:	  state->coins = state->coins + 2;
        -:  961:	}
        -:  962:			
    #####:  963:      else if (choice2)		//discard hand, redraw 4, other players with 5+ cards discard hand and draw 4
branch  0 never executed
branch  1 never executed
        -:  964:	{
        -:  965:	  //discard hand
    #####:  966:	  while(numHandCards(state) > 0)
call    0 never executed
branch  1 never executed
branch  2 never executed
        -:  967:	    {
    #####:  968:	      discardCard(handPos, currentPlayer, state, 0);
call    0 never executed
        -:  969:	    }
        -:  970:				
        -:  971:	  //draw 4
    #####:  972:	  for (i = 0; i < 4; i++)
branch  0 never executed
branch  1 never executed
        -:  973:	    {
    #####:  974:	      drawCard(currentPlayer, state);
call    0 never executed
        -:  975:	    }
        -:  976:				
        -:  977:	  //other players discard hand and redraw if hand size > 4
    #####:  978:	  for (i = 0; i < state->numPlayers; i++)
branch  0 never executed
branch  1 never executed
        -:  979:	    {
    #####:  980:	      if (i != currentPlayer)
branch  0 never executed
branch  1 never executed
        -:  981:		{
    #####:  982:		  if ( state->handCount[i] > 4 )
branch  0 never executed
branch  1 never executed
        -:  983:		    {
        -:  984:		      //discard hand
    #####:  985:		      while( state->handCount[i] > 0 )
branch  0 never executed
branch  1 never executed
        -:  986:			{
    #####:  987:			  discardCard(handPos, i, state, 0);
call    0 never executed
        -:  988:			}
        -:  989:							
        -:  990:		      //draw 4
    #####:  991:		      for (j = 0; j < 4; j++)
branch  0 never executed
branch  1 never executed
        -:  992:			{
    #####:  993:			  drawCard(i, state);
call    0 never executed
        -:  994:			}
        -:  995:		    }
        -:  996:		}
        -:  997:	    }
        -:  998:				
        -:  999:	}
    #####: 1000:      return 0;
        -: 1001:		
        -: 1002:    case steward:
    #####: 1003:      if (choice1 == 1)
branch  0 never executed
branch  1 never executed
        -: 1004:	{
        -: 1005:	  //+2 cards
    #####: 1006:	  drawCard(currentPlayer, state);
call    0 never executed
    #####: 1007:	  drawCard(currentPlayer, state);
call    0 never executed
        -: 1008:	}
    #####: 1009:      else if (choice1 == 2)
branch  0 never executed
branch  1 never executed
        -: 1010:	{
        -: 1011:	  //+2 coins
    #####: 1012:	  state->coins = state->coins + 2;
        -: 1013:	}
        -: 1014:      else
        -: 1015:	{
        -: 1016:	  //trash 2 cards in hand
    #####: 1017:	  discardCard(choice2, currentPlayer, state, 1);
call    0 never executed
    #####: 1018:	  discardCard(choice3, currentPlayer, state, 1);
call    0 never executed
        -: 1019:	}
        -: 1020:			
        -: 1021:      //discard card from hand
    #####: 1022:      discardCard(handPos, currentPlayer, state, 0);
call    0 never executed
    #####: 1023:      return 0;
        -: 1024:		
        -: 1025:    case tribute:
    #####: 1026:      if ((state->discardCount[nextPlayer] + state->deckCount[nextPlayer]) <= 1){
branch  0 never executed
branch  1 never executed
    #####: 1027:	if (state->deckCount[nextPlayer] > 0){
branch  0 never executed
branch  1 never executed
    #####: 1028:	  tributeRevealedCards[0] = state->deck[nextPlayer][state->deckCount[nextPlayer]-1];
    #####: 1029:	  state->deckCount[nextPlayer]--;
        -: 1030:	}
    #####: 1031:	else if (state->discardCount[nextPlayer] > 0){
branch  0 never executed
branch  1 never executed
    #####: 1032:	  tributeRevealedCards[0] = state->discard[nextPlayer][state->discardCount[nextPlayer]-1];
    #####: 1033:	  state->discardCount[nextPlayer]--;
        -: 1034:	}
        -: 1035:	else{
        -: 1036:	  //No Card to Reveal
        -: 1037:	  if (DEBUG){
        -: 1038:	    printf("No cards to reveal\n");
        -: 1039:	  }
        -: 1040:	}
        -: 1041:      }
        -: 1042:	    
        -: 1043:      else{
    #####: 1044:	if (state->deckCount[nextPlayer] == 0){
branch  0 never executed
branch  1 never executed
    #####: 1045:	  for (i = 0; i < state->discardCount[nextPlayer]; i++){
branch  0 never executed
branch  1 never executed
    #####: 1046:	    state->deck[nextPlayer][i] = state->discard[nextPlayer][i];//Move to deck
    #####: 1047:	    state->deckCount[nextPlayer]++;
    #####: 1048:	    state->discard[nextPlayer][i] = -1;
    #####: 1049:	    state->discardCount[nextPlayer]--;
        -: 1050:	  }
        -: 1051:			    
    #####: 1052:	  shuffle(nextPlayer,state);//Shuffle the deck
call    0 never executed
        -: 1053:	} 
    #####: 1054:	tributeRevealedCards[0] = state->deck[nextPlayer][state->deckCount[nextPlayer]-1];
    #####: 1055:	state->deck[nextPlayer][state->deckCount[nextPlayer]--] = -1;
    #####: 1056:	state->deckCount[nextPlayer]--;
    #####: 1057:	tributeRevealedCards[1] = state->deck[nextPlayer][state->deckCount[nextPlayer]-1];
    #####: 1058:	state->deck[nextPlayer][state->deckCount[nextPlayer]--] = -1;
    #####: 1059:	state->deckCount[nextPlayer]--;
        -: 1060:      }    
        -: 1061:		       
    #####: 1062:      if (tributeRevealedCards[0] == tributeRevealedCards[1]){//If we have a duplicate card, just drop one 
branch  0 never executed
branch  1 never executed
    #####: 1063:	state->playedCards[state->playedCardCount] = tributeRevealedCards[1];
    #####: 1064:	state->playedCardCount++;
    #####: 1065:	tributeRevealedCards[1] = -1;
        -: 1066:      }
        -: 1067:
    #####: 1068:      for (i = 0; i <= 2; i ++){
branch  0 never executed
branch  1 never executed
    #####: 1069:	if (tributeRevealedCards[i] == copper || tributeRevealedCards[i] == silver || tributeRevealedCards[i] == gold){//Treasure cards
branch  0 never executed
branch  1 never executed
branch  2 never executed
branch  3 never executed
branch  4 never executed
branch  5 never executed
    #####: 1070:	  state->coins += 2;
        -: 1071:	}
        -: 1072:		    
    #####: 1073:	else if (tributeRevealedCards[i] == estate || tributeRevealedCards[i] == duchy || tributeRevealedCards[i] == province || tributeRevealedCards[i] == gardens || tributeRevealedCards[i] == great_hall){//Victory Card Found
branch  0 never executed
branch  1 never executed
branch  2 never executed
branch  3 never executed
branch  4 never executed
branch  5 never executed
branch  6 never executed
branch  7 never executed
branch  8 never executed
branch  9 never executed
    #####: 1074:	  drawCard(currentPlayer, state);
call    0 never executed
    #####: 1075:	  drawCard(currentPlayer, state);
call    0 never executed
        -: 1076:	}
        -: 1077:	else{//Action Card
    #####: 1078:	  state->numActions = state->numActions + 2;
        -: 1079:	}
        -: 1080:      }
        -: 1081:	    
    #####: 1082:      return 0;
        -: 1083:		
        -: 1084:    case ambassador:
    #####: 1085:      j = 0;		//used to check if player has enough cards to discard
        -: 1086:
    #####: 1087:      if (choice2 > 2 || choice2 < 0)
branch  0 never executed
branch  1 never executed
branch  2 never executed
branch  3 never executed
        -: 1088:	{
    #####: 1089:	  return -1;				
        -: 1090:	}
        -: 1091:
    #####: 1092:      if (choice1 == handPos)
branch  0 never executed
branch  1 never executed
        -: 1093:	{
    #####: 1094:	  return -1;
        -: 1095:	}
        -: 1096:
    #####: 1097:      for (i = 0; i < state->handCount[currentPlayer]; i++)
branch  0 never executed
branch  1 never executed
        -: 1098:	{
    #####: 1099:	  if (i != handPos && i == state->hand[currentPlayer][choice1] && i != choice1)
branch  0 never executed
branch  1 never executed
branch  2 never executed
branch  3 never executed
branch  4 never executed
branch  5 never executed
        -: 1100:	    {
    #####: 1101:	      j++;
        -: 1102:	    }
        -: 1103:	}
    #####: 1104:      if (j < choice2)
branch  0 never executed
branch  1 never executed
        -: 1105:	{
    #####: 1106:	  return -1;				
        -: 1107:	}
        -: 1108:
        -: 1109:      if (DEBUG) 
        -: 1110:	printf("Player %d reveals card number: %d\n", currentPlayer, state->hand[currentPlayer][choice1]);
        -: 1111:
        -: 1112:      //increase supply count for choosen card by amount being discarded
    #####: 1113:      state->supplyCount[state->hand[currentPlayer][choice1]] += choice2;
        -: 1114:			
        -: 1115:      //each other player gains a copy of revealed card
    #####: 1116:      for (i = 0; i < state->numPlayers; i++)
branch  0 never executed
branch  1 never executed
        -: 1117:	{
    #####: 1118:	  if (i != currentPlayer)
branch  0 never executed
branch  1 never executed
        -: 1119:	    {
    #####: 1120:	      gainCard(state->hand[currentPlayer][choice1], state, 0, i);
call    0 never executed
        -: 1121:	    }
        -: 1122:	}
        -: 1123:
        -: 1124:      //discard played card from hand
    #####: 1125:      discardCard(handPos, currentPlayer, state, 0);			
call    0 never executed
        -: 1126:
        -: 1127:      //trash copies of cards returned to supply
    #####: 1128:      for (j = 0; j < choice2; j++)
branch  0 never executed
branch  1 never executed
        -: 1129:	{
    #####: 1130:	  for (i = 0; i < state->handCount[currentPlayer]; i++)
branch  0 never executed
branch  1 never executed
        -: 1131:	    {
    #####: 1132:	      if (state->hand[currentPlayer][i] == state->hand[currentPlayer][choice1])
branch  0 never executed
branch  1 never executed
        -: 1133:		{
    #####: 1134:		  discardCard(i, currentPlayer, state, 1);
call    0 never executed
    #####: 1135:		  break;
        -: 1136:		}
        -: 1137:	    }
        -: 1138:	}			
        -: 1139:
    #####: 1140:      return 0;
        -: 1141:		
        -: 1142:    case cutpurse:
        -: 1143:
    #####: 1144:      updateCoins(currentPlayer, state, 2);
call    0 never executed
    #####: 1145:      for (i = 0; i < state->numPlayers; i++)
branch  0 never executed
branch  1 never executed
        -: 1146:	{
    #####: 1147:	  if (i != currentPlayer)
branch  0 never executed
branch  1 never executed
        -: 1148:	    {
    #####: 1149:	      for (j = 0; j < state->handCount[i]; j++)
branch  0 never executed
branch  1 never executed
        -: 1150:		{
    #####: 1151:		  if (state->hand[i][j] == copper)
branch  0 never executed
branch  1 never executed
        -: 1152:		    {
    #####: 1153:		      discardCard(j, i, state, 0);
call    0 never executed
    #####: 1154:		      break;
        -: 1155:		    }
    #####: 1156:		  if (j == state->handCount[i])
branch  0 never executed
branch  1 never executed
        -: 1157:		    {
    #####: 1158:		      for (k = 0; k < state->handCount[i]; k++)
branch  0 never executed
branch  1 never executed
        -: 1159:			{
        -: 1160:			  if (DEBUG)
        -: 1161:			    printf("Player %d reveals card number %d\n", i, state->hand[i][k]);
        -: 1162:			}	
    #####: 1163:		      break;
        -: 1164:		    }		
        -: 1165:		}
        -: 1166:					
        -: 1167:	    }
        -: 1168:				
        -: 1169:	}				
        -: 1170:
        -: 1171:      //discard played card from hand
    #####: 1172:      discardCard(handPos, currentPlayer, state, 0);			
call    0 never executed
        -: 1173:
    #####: 1174:      return 0;
        -: 1175:
        -: 1176:		
        -: 1177:    case embargo: 
        -: 1178:      //+2 Coins
    #####: 1179:      state->coins = state->coins + 2;
        -: 1180:			
        -: 1181:      //see if selected pile is in play
    #####: 1182:      if ( state->supplyCount[choice1] == -1 )
branch  0 never executed
branch  1 never executed
        -: 1183:	{
    #####: 1184:	  return -1;
        -: 1185:	}
        -: 1186:			
        -: 1187:      //add embargo token to selected supply pile
    #####: 1188:      state->embargoTokens[choice1]++;
        -: 1189:			
        -: 1190:      //trash card
    #####: 1191:      discardCard(handPos, currentPlayer, state, 1);		
call    0 never executed
    #####: 1192:      return 0;
        -: 1193:		
        -: 1194:    case outpost:
        1: 1195:        outpost_Fn(state, handPos, currentPlayer);
call    0 returned 100%
        1: 1196:        return 0;
        -: 1197:		
        -: 1198:    case salvager:
        -: 1199:      //+1 buy
    #####: 1200:      state->numBuys++;
        -: 1201:			
    #####: 1202:      if (choice1)
branch  0 never executed
branch  1 never executed
        -: 1203:	{
        -: 1204:	  //gain coins equal to trashed card
    #####: 1205:	  state->coins = state->coins + getCost( handCard(choice1, state) );
call    0 never executed
call    1 never executed
        -: 1206:	  //trash card
    #####: 1207:	  discardCard(choice1, currentPlayer, state, 1);	
call    0 never executed
        -: 1208:	}
        -: 1209:			
        -: 1210:      //discard card
    #####: 1211:      discardCard(handPos, currentPlayer, state, 0);
call    0 never executed
    #####: 1212:      return 0;
        -: 1213:		
        -: 1214:    case sea_hag:
    #####: 1215:      for (i = 0; i < state->numPlayers; i++){
branch  0 never executed
branch  1 never executed
    #####: 1216:	if (i != currentPlayer){
branch  0 never executed
branch  1 never executed
    #####: 1217:	  state->discard[i][state->discardCount[i]] = state->deck[i][state->deckCount[i]--];			    state->deckCount[i]--;
    #####: 1218:	  state->discardCount[i]++;
    #####: 1219:	  state->deck[i][state->deckCount[i]--] = curse;//Top card now a curse
        -: 1220:	}
        -: 1221:      }
    #####: 1222:      return 0;
        -: 1223:		
        -: 1224:    case treasure_map:
        -: 1225:      //search hand for another treasure_map
    #####: 1226:      index = -1;
    #####: 1227:      for (i = 0; i < state->handCount[currentPlayer]; i++)
branch  0 never executed
branch  1 never executed
        -: 1228:	{
    #####: 1229:	  if (state->hand[currentPlayer][i] == treasure_map && i != handPos)
branch  0 never executed
branch  1 never executed
branch  2 never executed
branch  3 never executed
        -: 1230:	    {
    #####: 1231:	      index = i;
    #####: 1232:	      break;
        -: 1233:	    }
        -: 1234:	}
    #####: 1235:      if (index > -1)
branch  0 never executed
branch  1 never executed
        -: 1236:	{
        -: 1237:	  //trash both treasure cards
    #####: 1238:	  discardCard(handPos, currentPlayer, state, 1);
call    0 never executed
    #####: 1239:	  discardCard(index, currentPlayer, state, 1);
call    0 never executed
        -: 1240:
        -: 1241:	  //gain 4 Gold cards
    #####: 1242:	  for (i = 0; i < 4; i++)
branch  0 never executed
branch  1 never executed
        -: 1243:	    {
    #####: 1244:	      gainCard(gold, state, 1, currentPlayer);
call    0 never executed
        -: 1245:	    }
        -: 1246:				
        -: 1247:	  //return success
    #####: 1248:	  return 1;
        -: 1249:	}
        -: 1250:			
        -: 1251:      //no second treasure_map found in hand
    #####: 1252:      return -1;
        -: 1253:    }
        -: 1254:	
    #####: 1255:  return -1;
        -: 1256:}
        -: 1257:
function discardCard called 3 returned 100% blocks executed 78%
        3: 1258:int discardCard(int handPos, int currentPlayer, struct gameState *state, int trashFlag)
        -: 1259:{
        -: 1260:	
        -: 1261:  //if card is not trashed, added to Played pile 
        3: 1262:  if (trashFlag < 1)
branch  0 taken 100% (fallthrough)
branch  1 taken 0%
        -: 1263:    {
        -: 1264:      //add card to played pile
        3: 1265:      state->playedCards[state->playedCardCount] = state->hand[currentPlayer][handPos]; 
        3: 1266:      state->playedCardCount++;
        -: 1267:    }
        -: 1268:	
        -: 1269:  //set played card to -1
        3: 1270:  state->hand[currentPlayer][handPos] = -1;
        -: 1271:	
        -: 1272:  //remove card from player's hand
        3: 1273:  if ( handPos == (state->handCount[currentPlayer] - 1) ) 	//last card in hand array is played
branch  0 taken 0% (fallthrough)
branch  1 taken 100%
        -: 1274:    {
        -: 1275:      //reduce number of cards in hand
    #####: 1276:      state->handCount[currentPlayer]--;
        -: 1277:    }
        3: 1278:  else if ( state->handCount[currentPlayer] == 1 ) //only one card in hand
branch  0 taken 0% (fallthrough)
branch  1 taken 100%
        -: 1279:    {
        -: 1280:      //reduce number of cards in hand
    #####: 1281:      state->handCount[currentPlayer]--;
        -: 1282:    }
        -: 1283:  else 	
        -: 1284:    {
        -: 1285:      //replace discarded card with last card in hand
        3: 1286:      state->hand[currentPlayer][handPos] = state->hand[currentPlayer][ (state->handCount[currentPlayer] - 1)];
        -: 1287:      //set last card to -1
        3: 1288:      state->hand[currentPlayer][state->handCount[currentPlayer] - 1] = -1;
        -: 1289:      //reduce number of cards in hand
        3: 1290:      state->handCount[currentPlayer]--;
        -: 1291:    }
        -: 1292:	
        3: 1293:  return 0;
        -: 1294:}
        -: 1295:
function gainCard called 0 returned 0% blocks executed 0%
    #####: 1296:int gainCard(int supplyPos, struct gameState *state, int toFlag, int player)
        -: 1297:{
        -: 1298:  //Note: supplyPos is enum of choosen card
        -: 1299:	
        -: 1300:  //check if supply pile is empty (0) or card is not used in game (-1)
    #####: 1301:  if ( supplyCount(supplyPos, state) < 1 )
call    0 never executed
branch  1 never executed
branch  2 never executed
        -: 1302:    {
    #####: 1303:      return -1;
        -: 1304:    }
        -: 1305:	
        -: 1306:  //added card for [whoseTurn] current player:
        -: 1307:  // toFlag = 0 : add to discard
        -: 1308:  // toFlag = 1 : add to deck
        -: 1309:  // toFlag = 2 : add to hand
        -: 1310:
    #####: 1311:  if (toFlag == 1)
branch  0 never executed
branch  1 never executed
        -: 1312:    {
    #####: 1313:      state->deck[ player ][ state->deckCount[player] ] = supplyPos;
    #####: 1314:      state->deckCount[player]++;
        -: 1315:    }
    #####: 1316:  else if (toFlag == 2)
branch  0 never executed
branch  1 never executed
        -: 1317:    {
    #####: 1318:      state->hand[ player ][ state->handCount[player] ] = supplyPos;
    #####: 1319:      state->handCount[player]++;
        -: 1320:    }
        -: 1321:  else
        -: 1322:    {
    #####: 1323:      state->discard[player][ state->discardCount[player] ] = supplyPos;
    #####: 1324:      state->discardCount[player]++;
        -: 1325:    }
        -: 1326:	
        -: 1327:  //decrease number in supply pile
    #####: 1328:  state->supplyCount[supplyPos]--;
        -: 1329:	 
    #####: 1330:  return 0;
        -: 1331:}
        -: 1332:
function updateCoins called 746 returned 100% blocks executed 82%
      746: 1333:int updateCoins(int player, struct gameState *state, int bonus)
        -: 1334:{
        -: 1335:  int i;
        -: 1336:	
        -: 1337:  //reset coin count
      746: 1338:  state->coins = 0;
        -: 1339:
        -: 1340:  //add coins for each Treasure card in player's hand
    97563: 1341:  for (i = 0; i < state->handCount[player]; i++)
branch  0 taken 99%
branch  1 taken 1% (fallthrough)
        -: 1342:    {
    96817: 1343:      if (state->hand[player][i] == copper)
branch  0 taken 12% (fallthrough)
branch  1 taken 88%
        -: 1344:	{
    11974: 1345:	  state->coins += 1;
        -: 1346:	}
    84843: 1347:      else if (state->hand[player][i] == silver)
branch  0 taken 0% (fallthrough)
branch  1 taken 100%
        -: 1348:	{
    #####: 1349:	  state->coins += 2;
        -: 1350:	}
    84843: 1351:      else if (state->hand[player][i] == gold)
branch  0 taken 0% (fallthrough)
branch  1 taken 100%
        -: 1352:	{
    #####: 1353:	  state->coins += 3;
        -: 1354:	}	
        -: 1355:    }	
        -: 1356:
        -: 1357:  //add bonus
      746: 1358:  state->coins += bonus;
        -: 1359:
      746: 1360:  return 0;
        -: 1361:}
        -: 1362:
        -: 1363:
        -: 1364://end of dominion.c
        -: 1365:
